<?xml version="1.0" encoding="UTF-8"?>
<testsuite name="sample.web.ui.MessageControllerWebTests" tests="3" skipped="0" failures="0" errors="0" timestamp="2016-05-24T07:50:03" hostname="devds-System-Product-Name" time="0.068">
  <properties/>
  <testcase name="testHome" classname="sample.web.ui.MessageControllerWebTests" time="0.028"/>
  <testcase name="testCreateValidation" classname="sample.web.ui.MessageControllerWebTests" time="0.033"/>
  <testcase name="testCreate" classname="sample.web.ui.MessageControllerWebTests" time="0.005"/>
  <system-out><![CDATA[2016-05-24 10:50:02.643  INFO 6755 --- [    Test worker] o.s.t.c.web.WebTestContextBootstrapper   : Loaded default TestExecutionListener class names from location [META-INF/spring.factories]: [org.springframework.boot.test.mock.mockito.MockitoTestExecutionListener, org.springframework.boot.test.mock.mockito.ResetMocksTestExecutionListener, org.springframework.boot.test.autoconfigure.AutoConfigureReportTestExecutionListener, org.springframework.boot.test.autoconfigure.json.JsonTesterInitializationTestExecutionListener, org.springframework.boot.test.autoconfigure.restdocs.RestDocsTestExecutionListener, org.springframework.test.context.web.ServletTestExecutionListener, org.springframework.test.context.support.DirtiesContextBeforeModesTestExecutionListener, org.springframework.test.context.support.DependencyInjectionTestExecutionListener, org.springframework.test.context.support.DirtiesContextTestExecutionListener, org.springframework.test.context.transaction.TransactionalTestExecutionListener, org.springframework.test.context.jdbc.SqlScriptsTestExecutionListener]
2016-05-24 10:50:02.644  INFO 6755 --- [    Test worker] o.s.t.c.web.WebTestContextBootstrapper   : Could not instantiate TestExecutionListener [org.springframework.test.context.jdbc.SqlScriptsTestExecutionListener]. Specify custom listener classes or make the default listener classes (and their required dependencies) available. Offending class: [org/springframework/transaction/interceptor/TransactionAttribute]
2016-05-24 10:50:02.644  INFO 6755 --- [    Test worker] o.s.t.c.web.WebTestContextBootstrapper   : Could not instantiate TestExecutionListener [org.springframework.test.context.transaction.TransactionalTestExecutionListener]. Specify custom listener classes or make the default listener classes (and their required dependencies) available. Offending class: [org/springframework/transaction/TransactionDefinition]
2016-05-24 10:50:02.644  INFO 6755 --- [    Test worker] o.s.t.c.web.WebTestContextBootstrapper   : Using TestExecutionListeners: [org.springframework.test.context.web.ServletTestExecutionListener@5c4f51c8, org.springframework.test.context.support.DirtiesContextBeforeModesTestExecutionListener@2e2b707a, org.springframework.boot.test.autoconfigure.AutoConfigureReportTestExecutionListener@47a62c15, org.springframework.test.context.support.DependencyInjectionTestExecutionListener@17df3a1, org.springframework.test.context.support.DirtiesContextTestExecutionListener@279a3357, org.springframework.boot.test.mock.mockito.ResetMocksTestExecutionListener@52472f7e, org.springframework.boot.test.autoconfigure.restdocs.RestDocsTestExecutionListener@247777a7, org.springframework.boot.test.mock.mockito.MockitoTestExecutionListener@4af96873, org.springframework.boot.test.autoconfigure.json.JsonTesterInitializationTestExecutionListener@3c8feaf0]
2016-05-24 10:50:02.648  INFO 6755 --- [    Test worker] o.s.w.c.s.GenericWebApplicationContext   : Refreshing org.springframework.web.context.support.GenericWebApplicationContext@57580ec0: startup date [Tue May 24 10:50:02 EEST 2016]; root of context hierarchy
2016-05-24 10:50:02.925  INFO 6755 --- [    Test worker] s.w.s.m.m.a.RequestMappingHandlerAdapter : Looking for @ControllerAdvice: org.springframework.web.context.support.GenericWebApplicationContext@57580ec0: startup date [Tue May 24 10:50:02 EEST 2016]; root of context hierarchy
2016-05-24 10:50:02.933  INFO 6755 --- [    Test worker] s.w.s.m.m.a.RequestMappingHandlerMapping : Mapped "{[/{id}],methods=[GET]}" onto public org.springframework.web.servlet.ModelAndView sample.web.ui.mvc.MessageController.view(sample.web.ui.Message)
2016-05-24 10:50:02.934  INFO 6755 --- [    Test worker] s.w.s.m.m.a.RequestMappingHandlerMapping : Mapped "{[/foo]}" onto public java.lang.String sample.web.ui.mvc.MessageController.foo()
2016-05-24 10:50:02.934  INFO 6755 --- [    Test worker] s.w.s.m.m.a.RequestMappingHandlerMapping : Mapped "{[/modify/{id}],methods=[GET]}" onto public org.springframework.web.servlet.ModelAndView sample.web.ui.mvc.MessageController.modifyForm(sample.web.ui.Message)
2016-05-24 10:50:02.934  INFO 6755 --- [    Test worker] s.w.s.m.m.a.RequestMappingHandlerMapping : Mapped "{[/],methods=[GET],params=[form]}" onto public java.lang.String sample.web.ui.mvc.MessageController.createForm(sample.web.ui.Message)
2016-05-24 10:50:02.934  INFO 6755 --- [    Test worker] s.w.s.m.m.a.RequestMappingHandlerMapping : Mapped "{[/delete/{id}],methods=[GET]}" onto public org.springframework.web.servlet.ModelAndView sample.web.ui.mvc.MessageController.delete(java.lang.Long)
2016-05-24 10:50:02.934  INFO 6755 --- [    Test worker] s.w.s.m.m.a.RequestMappingHandlerMapping : Mapped "{[/],methods=[POST]}" onto public org.springframework.web.servlet.ModelAndView sample.web.ui.mvc.MessageController.create(sample.web.ui.Message,org.springframework.validation.BindingResult,org.springframework.web.servlet.mvc.support.RedirectAttributes)
2016-05-24 10:50:02.934  INFO 6755 --- [    Test worker] s.w.s.m.m.a.RequestMappingHandlerMapping : Mapped "{[/],methods=[GET]}" onto public org.springframework.web.servlet.ModelAndView sample.web.ui.mvc.MessageController.list()
2016-05-24 10:50:02.935  INFO 6755 --- [    Test worker] s.w.s.m.m.a.RequestMappingHandlerMapping : Mapped "{[/error],produces=[text/html]}" onto public org.springframework.web.servlet.ModelAndView org.springframework.boot.autoconfigure.web.BasicErrorController.errorHtml(javax.servlet.http.HttpServletRequest,javax.servlet.http.HttpServletResponse)
2016-05-24 10:50:02.936  INFO 6755 --- [    Test worker] s.w.s.m.m.a.RequestMappingHandlerMapping : Mapped "{[/error]}" onto public org.springframework.http.ResponseEntity<java.util.Map<java.lang.String, java.lang.Object>> org.springframework.boot.autoconfigure.web.BasicErrorController.error(javax.servlet.http.HttpServletRequest)
2016-05-24 10:50:02.947  INFO 6755 --- [    Test worker] o.s.w.s.handler.SimpleUrlHandlerMapping  : Mapped URL path [/webjars/**] onto handler of type [class org.springframework.web.servlet.resource.ResourceHttpRequestHandler]
2016-05-24 10:50:02.947  INFO 6755 --- [    Test worker] o.s.w.s.handler.SimpleUrlHandlerMapping  : Mapped URL path [/**] onto handler of type [class org.springframework.web.servlet.resource.ResourceHttpRequestHandler]
2016-05-24 10:50:02.960  INFO 6755 --- [    Test worker] o.s.w.s.handler.SimpleUrlHandlerMapping  : Mapped URL path [/**/favicon.ico] onto handler of type [class org.springframework.web.servlet.resource.ResourceHttpRequestHandler]
2016-05-24 10:50:03.053  INFO 6755 --- [    Test worker] o.s.j.e.a.AnnotationMBeanExporter        : Registering beans for JMX exposure on startup
2016-05-24 10:50:03.062  INFO 6755 --- [    Test worker] o.s.mock.web.MockServletContext          : Initializing Spring FrameworkServlet ''
2016-05-24 10:50:03.062  INFO 6755 --- [    Test worker] o.s.t.web.servlet.TestDispatcherServlet  : FrameworkServlet '': initialization started
2016-05-24 10:50:03.066  INFO 6755 --- [    Test worker] o.s.t.web.servlet.TestDispatcherServlet  : FrameworkServlet '': initialization completed in 3 ms
2016-05-24 10:50:03.090  INFO 6755 --- [    Test worker] o.s.mock.web.MockServletContext          : Initializing Spring FrameworkServlet ''
2016-05-24 10:50:03.090  INFO 6755 --- [    Test worker] o.s.t.web.servlet.TestDispatcherServlet  : FrameworkServlet '': initialization started
2016-05-24 10:50:03.091  INFO 6755 --- [    Test worker] o.s.t.web.servlet.TestDispatcherServlet  : FrameworkServlet '': initialization completed in 1 ms
2016-05-24 10:50:03.123  INFO 6755 --- [    Test worker] o.s.mock.web.MockServletContext          : Initializing Spring FrameworkServlet ''
2016-05-24 10:50:03.124  INFO 6755 --- [    Test worker] o.s.t.web.servlet.TestDispatcherServlet  : FrameworkServlet '': initialization started
2016-05-24 10:50:03.125  INFO 6755 --- [    Test worker] o.s.t.web.servlet.TestDispatcherServlet  : FrameworkServlet '': initialization completed in 1 ms
]]></system-out>
  <system-err><![CDATA[]]></system-err>
</testsuite>
